<?xml version="1.0" encoding="UTF-8"?>
<!-- Generated by org.testng.reporters.JUnitXMLReporter -->
<testsuite ignored="0" hostname="HARSHITA" failures="1" tests="1" name="Sprint1(failed)" time="0.026" errors="0" timestamp="01 Sep 2018 17:54:34 GMT">
  <testcase classname="handlingFailedTestCases.TestCase2" name="TestAmazon" time="0.006">
    <failure type="java.lang.AssertionError" message="expected [true] but found [false]">
      <![CDATA[java.lang.AssertionError: expected [true] but found [false]
at handlingFailedTestCases.TestCase2.TestAmazon(TestCase2.java:13)
at runFailedTestCases.RunFailedTestCases.main(RunFailedTestCases.java:14)
... Removed 26 stack frames]]>
    </failure>
  </testcase> <!-- TestAmazon -->
</testsuite> <!-- Sprint1(failed) -->
