<?xml version="1.0" encoding="UTF-8"?>
<!-- Generated by org.testng.reporters.JUnitXMLReporter -->
<testsuite ignored="0" hostname="HARSHITA" failures="1" tests="3" name="Sprint1" time="0.046" errors="0" timestamp="01 Sep 2018 17:47:27 GMT">
  <testcase classname="handlingFailedTestCases.TestCase1" name="TestApple" time="0.007"/>
  <testcase classname="handlingFailedTestCases.TestCase2" name="TestAmazon" time="0.004">
    <failure type="java.lang.AssertionError" message="expected [true] but found [false]">
      <![CDATA[java.lang.AssertionError: expected [true] but found [false]
at handlingFailedTestCases.TestCase2.TestAmazon(TestCase2.java:13)
... Removed 29 stack frames]]>
    </failure>
  </testcase> <!-- TestAmazon -->
  <testcase classname="handlingFailedTestCases.TestCase3" name="TestEbay" time="0.002"/>
</testsuite> <!-- Sprint1 -->
